<?xml version="1.0" encoding="UTF-8"?>
<!-- Generated by org.testng.reporters.JUnitReportReporter -->
<testsuite hostname="IBM681-R9WCGFW" name="com.ibm.test.TestCase02" tests="1" failures="0" timestamp="6 Sep 2017 11:21:27 GMT" time="25.007" errors="0">
  <testcase name="testCase02_VerifyUserIsAbleToSearchStore" time="25.007" classname="com.ibm.test.TestCase02"/>
</testsuite> <!-- com.ibm.test.TestCase02 -->
