<?xml version="1.0" encoding="UTF-8"?>
<!-- Generated by org.testng.reporters.JUnitReportReporter -->
<testsuite hostname="IBM681-R9WCGFW" name="com.ibm.test.TestCase02Copy" tests="1" failures="0" timestamp="11 Aug 2017 18:40:29 GMT" time="32.911" errors="0">
  <testcase name="testCase02_VerifyUserIsAbleToSearchStore" time="32.911" classname="com.ibm.test.TestCase02Copy"/>
</testsuite> <!-- com.ibm.test.TestCase02Copy -->
