<?xml version="1.0" encoding="UTF-8"?>
<!-- Generated by org.testng.reporters.JUnitReportReporter -->
<testsuite hostname="IBM681-R9WCGFW" name="com.ibm.test.TestCase01" tests="1" failures="0" timestamp="6 Sep 2017 11:21:27 GMT" time="24.083" errors="0">
  <testcase name="testCase01_VerifyUserIsAbleToCreateAnAccountHappyPath" time="24.083" classname="com.ibm.test.TestCase01"/>
</testsuite> <!-- com.ibm.test.TestCase01 -->
